0 info it worked if it ends with ok
1 verbose cli [ 'C:\\Program Files\\nodejs\\node.exe',
1 verbose cli   'C:\\Users\\lenovo\\AppData\\Roaming\\npm\\node_modules\\npm\\bin\\npm-cli.js',
1 verbose cli   'start' ]
2 info using npm@3.10.9
3 info using node@v7.3.0
4 verbose run-script [ 'prestart', 'start', 'poststart' ]
5 info lifecycle todomvc@1.0.0~prestart: todomvc@1.0.0
6 silly lifecycle todomvc@1.0.0~prestart: no script for prestart, continuing
7 info lifecycle todomvc@1.0.0~start: todomvc@1.0.0
8 verbose lifecycle todomvc@1.0.0~start: unsafe-perm in lifecycle true
9 verbose lifecycle todomvc@1.0.0~start: PATH: C:\Users\lenovo\AppData\Roaming\npm\node_modules\npm\bin\node-gyp-bin;C:\Users\lenovo\Desktop\todomvc\node_modules\.bin;C:\Program Files (x86)\Intel\iCLS Client\;C:\Program Files\Intel\iCLS Client\;C:\Windows\system32;C:\Windows;C:\Windows\System32\Wbem;C:\Windows\System32\WindowsPowerShell\v1.0\;C:\Program Files (x86)\Intel\Intel(R) Management Engine Components\DAL;C:\Program Files\Intel\Intel(R) Management Engine Components\DAL;C:\Program Files (x86)\Intel\Intel(R) Management Engine Components\IPT;C:\Program Files\Intel\Intel(R) Management Engine Components\IPT;C:\Program Files (x86)\ATI Technologies\ATI.ACE\Core-Static;C:\Python27;C:\Python27\Scripts;C:\Users\lenovo\angular-phonecat\node_modules\bower\bin;C:\Users\lenovo\angular-phonecat\node_modules\http-server\bin;C:\Program Files\nodejs\;C:\Ruby23-x64\bin;C:\Program Files\Git;C:\Users\lenovo\AppData\Local\Apps\cURL\bin;C:\Users\lenovo\AppData\Roaming\npm;C:\Program Files (x86)\OpenVPN\bin
10 verbose lifecycle todomvc@1.0.0~start: CWD: C:\Users\lenovo\Desktop\todomvc
11 silly lifecycle todomvc@1.0.0~start: Args: [ '/d /s /c', 'webpack-dev-server --hot --inline' ]
12 silly lifecycle todomvc@1.0.0~start: Returned: code: 3221225786  signal: null
13 info lifecycle todomvc@1.0.0~start: Failed to exec start script
14 verbose stack Error: todomvc@1.0.0 start: `webpack-dev-server --hot --inline`
14 verbose stack Exit status 3221225786
14 verbose stack     at EventEmitter.<anonymous> (C:\Users\lenovo\AppData\Roaming\npm\node_modules\npm\lib\utils\lifecycle.js:255:16)
14 verbose stack     at emitTwo (events.js:106:13)
14 verbose stack     at EventEmitter.emit (events.js:191:7)
14 verbose stack     at ChildProcess.<anonymous> (C:\Users\lenovo\AppData\Roaming\npm\node_modules\npm\lib\utils\spawn.js:40:14)
14 verbose stack     at emitTwo (events.js:106:13)
14 verbose stack     at ChildProcess.emit (events.js:191:7)
14 verbose stack     at maybeClose (internal/child_process.js:885:16)
14 verbose stack     at Process.ChildProcess._handle.onexit (internal/child_process.js:226:5)
15 verbose pkgid todomvc@1.0.0
16 verbose cwd C:\Users\lenovo\Desktop\todomvc
17 error Windows_NT 10.0.10586
18 error argv "C:\\Program Files\\nodejs\\node.exe" "C:\\Users\\lenovo\\AppData\\Roaming\\npm\\node_modules\\npm\\bin\\npm-cli.js" "start"
19 error node v7.3.0
20 error npm  v3.10.9
21 error code ELIFECYCLE
22 error todomvc@1.0.0 start: `webpack-dev-server --hot --inline`
22 error Exit status 3221225786
23 error Failed at the todomvc@1.0.0 start script 'webpack-dev-server --hot --inline'.
23 error Make sure you have the latest version of node.js and npm installed.
23 error If you do, this is most likely a problem with the todomvc package,
23 error not with npm itself.
23 error Tell the author that this fails on your system:
23 error     webpack-dev-server --hot --inline
23 error You can get information on how to open an issue for this project with:
23 error     npm bugs todomvc
23 error Or if that isn't available, you can get their info via:
23 error     npm owner ls todomvc
23 error There is likely additional logging output above.
24 verbose exit [ 1, true ]
